 

Thu Nov 19 08:33:55 UTC 2015
JUDGE_START
CODE_EXIST
INPUT_DIR_EXIST
IN1_EXIST
IN2_EXIST
OUTPUT_DIR_EXIST
OUT1_EXIST
OUT2_EXIST
Compile submit code to object file
Compile as c
COMPILE_ERROR
judge end : Thu Nov 19 08:33:55 UTC 2015

Thu Nov 19 08:49:35 UTC 2015
JUDGE_START
CODE_EXIST
INPUT_DIR_EXIST
IN1_EXIST
IN2_EXIST
OUTPUT_DIR_EXIST
OUT1_EXIST
OUT2_EXIST
Compile submit code to object file
Compile as c
OBJECT_COMPILE_SUCCESS
Compile as c
COMPILE_SUCCESS
Testing case 1
Time limit: 1
Memory limit 32
start runcodeThu Nov 19 08:49:35 UTC 2015
Execute Time: 0 ms
finish runcodeThu Nov 19 08:49:35 UTC 2015
RUNTIME_ERROR
testing case finish
Testing case 2
Time limit: 2
Memory limit 32
start runcodeThu Nov 19 08:49:35 UTC 2015
Execute Time: 0 ms
finish runcodeThu Nov 19 08:49:35 UTC 2015
RUNTIME_ERROR
testing case finish
judge end : Thu Nov 19 08:49:35 UTC 2015

Thu Nov 19 09:01:45 UTC 2015
JUDGE_START
CODE_EXIST
INPUT_DIR_EXIST
IN1_EXIST
IN2_EXIST
OUTPUT_DIR_EXIST
OUT1_EXIST
OUT2_EXIST
Compile submit code to object file
Compile as c
OBJECT_COMPILE_SUCCESS
Compile as c
COMPILE_SUCCESS
Testing case 1
Time limit: 1
Memory limit 32
start runcodeThu Nov 19 09:01:45 UTC 2015
Execute Time: 0 ms
finish runcodeThu Nov 19 09:01:45 UTC 2015
RUNTIME_ERROR
testing case finish
Testing case 2
Time limit: 2
Memory limit 32
start runcodeThu Nov 19 09:01:45 UTC 2015
Execute Time: 0 ms
finish runcodeThu Nov 19 09:01:45 UTC 2015
RUNTIME_ERROR
testing case finish
judge end : Thu Nov 19 09:01:45 UTC 2015

Thu Nov 19 09:04:25 UTC 2015
JUDGE_START
CODE_EXIST
INPUT_DIR_EXIST
IN1_EXIST
IN2_EXIST
OUTPUT_DIR_EXIST
OUT1_EXIST
OUT2_EXIST
Compile submit code to object file
Compile as c
OBJECT_COMPILE_SUCCESS
Compile as c
COMPILE_SUCCESS
Testing case 1
Time limit: 1
Memory limit 32
start runcodeThu Nov 19 09:04:25 UTC 2015
Execute Time: 0 ms
finish runcodeThu Nov 19 09:04:25 UTC 2015
RUNTIME_ERROR
testing case finish
Testing case 2
Time limit: 2
Memory limit 32
start runcodeThu Nov 19 09:04:25 UTC 2015
Execute Time: 0 ms
finish runcodeThu Nov 19 09:04:25 UTC 2015
RUNTIME_ERROR
testing case finish
judge end : Thu Nov 19 09:04:25 UTC 2015

Thu Nov 19 09:06:23 UTC 2015
JUDGE_START
CODE_EXIST
INPUT_DIR_EXIST
IN1_EXIST
IN2_EXIST
OUTPUT_DIR_EXIST
OUT1_EXIST
OUT2_EXIST
Compile submit code to object file
Compile as c
OBJECT_COMPILE_SUCCESS
Compile as c
COMPILE_SUCCESS
Testing case 1
Time limit: 1
Memory limit 32
start runcodeThu Nov 19 09:06:23 UTC 2015
Execute Time: 0 ms
finish runcodeThu Nov 19 09:06:23 UTC 2015
RUNTIME_ERROR
testing case finish
Testing case 2
Time limit: 2
Memory limit 32
start runcodeThu Nov 19 09:06:23 UTC 2015
Execute Time: 0 ms
finish runcodeThu Nov 19 09:06:23 UTC 2015
RUNTIME_ERROR
testing case finish
judge end : Thu Nov 19 09:06:23 UTC 2015

Thu Nov 19 09:09:31 UTC 2015
JUDGE_START
CODE_EXIST
INPUT_DIR_EXIST
IN1_EXIST
IN2_EXIST
OUTPUT_DIR_EXIST
OUT1_EXIST
OUT2_EXIST
Compile submit code to object file
Compile as c
OBJECT_COMPILE_SUCCESS
Compile as c
COMPILE_SUCCESS
Testing case 1
Time limit: 1
Memory limit 32
start runcodeThu Nov 19 09:09:32 UTC 2015
Execute Time: 0 ms
finish runcodeThu Nov 19 09:09:32 UTC 2015
RUNTIME_ERROR
testing case finish
Testing case 2
Time limit: 2
Memory limit 32
start runcodeThu Nov 19 09:09:32 UTC 2015
Execute Time: 0 ms
finish runcodeThu Nov 19 09:09:32 UTC 2015
RUNTIME_ERROR
testing case finish
judge end : Thu Nov 19 09:09:32 UTC 2015

Thu Nov 19 09:10:47 UTC 2015
JUDGE_START
CODE_EXIST
INPUT_DIR_EXIST
IN1_EXIST
IN2_EXIST
OUTPUT_DIR_EXIST
OUT1_EXIST
OUT2_EXIST
Compile submit code to object file
Compile as c
OBJECT_COMPILE_SUCCESS
Compile as c
COMPILE_SUCCESS
Testing case 1
Time limit: 1
Memory limit 32
start runcodeThu Nov 19 09:10:47 UTC 2015
Execute Time: 0 ms
finish runcodeThu Nov 19 09:10:47 UTC 2015
RUNTIME_ERROR
testing case finish
Testing case 2
Time limit: 2
Memory limit 32
start runcodeThu Nov 19 09:10:47 UTC 2015
Execute Time: 0 ms
finish runcodeThu Nov 19 09:10:47 UTC 2015
RUNTIME_ERROR
testing case finish
judge end : Thu Nov 19 09:10:47 UTC 2015

Thu Nov 19 09:11:19 UTC 2015
JUDGE_START
CODE_EXIST
INPUT_DIR_EXIST
IN1_EXIST
IN2_EXIST
OUTPUT_DIR_EXIST
OUT1_EXIST
OUT2_EXIST
Compile submit code to object file
Compile as c
OBJECT_COMPILE_SUCCESS
Compile as c
COMPILE_SUCCESS
Testing case 1
Time limit: 1
Memory limit 32
start runcodeThu Nov 19 09:11:19 UTC 2015
Execute Time: 0 ms
finish runcodeThu Nov 19 09:11:19 UTC 2015
RUNTIME_ERROR
testing case finish
Testing case 2
Time limit: 2
Memory limit 32
start runcodeThu Nov 19 09:11:19 UTC 2015
Execute Time: 0 ms
finish runcodeThu Nov 19 09:11:19 UTC 2015
RUNTIME_ERROR
testing case finish
judge end : Thu Nov 19 09:11:19 UTC 2015

Thu Nov 19 09:11:46 UTC 2015
JUDGE_START
CODE_EXIST
INPUT_DIR_EXIST
IN1_EXIST
IN2_EXIST
OUTPUT_DIR_EXIST
OUT1_EXIST
OUT2_EXIST
Compile submit code to object file
Compile as c
OBJECT_COMPILE_SUCCESS
Compile as c
COMPILE_SUCCESS
Testing case 1
Time limit: 1
Memory limit 32
start runcodeThu Nov 19 09:11:46 UTC 2015
Execute Time: 0 ms
finish runcodeThu Nov 19 09:11:46 UTC 2015
RUNTIME_ERROR
testing case finish
Testing case 2
Time limit: 2
Memory limit 32
start runcodeThu Nov 19 09:11:46 UTC 2015
Execute Time: 0 ms
finish runcodeThu Nov 19 09:11:46 UTC 2015
RUNTIME_ERROR
testing case finish
judge end : Thu Nov 19 09:11:46 UTC 2015

Thu Nov 19 09:12:36 UTC 2015
JUDGE_START
CODE_EXIST
INPUT_DIR_EXIST
IN1_EXIST
IN2_EXIST
OUTPUT_DIR_EXIST
OUT1_EXIST
OUT2_EXIST
Compile submit code to object file
Compile as c
OBJECT_COMPILE_SUCCESS
Compile as c
COMPILE_SUCCESS
Testing case 1
Time limit: 1
Memory limit 32
start runcodeThu Nov 19 09:12:36 UTC 2015
Execute Time: 0 ms
finish runcodeThu Nov 19 09:12:36 UTC 2015
RUNTIME_ERROR
testing case finish
Testing case 2
Time limit: 2
Memory limit 32
start runcodeThu Nov 19 09:12:36 UTC 2015
Execute Time: 0 ms
finish runcodeThu Nov 19 09:12:36 UTC 2015
RUNTIME_ERROR
testing case finish
judge end : Thu Nov 19 09:12:36 UTC 2015

Thu Nov 19 09:13:23 UTC 2015
JUDGE_START
CODE_EXIST
INPUT_DIR_EXIST
IN1_EXIST
IN2_EXIST
OUTPUT_DIR_EXIST
OUT1_EXIST
OUT2_EXIST
Compile submit code to object file
Compile as c
OBJECT_COMPILE_SUCCESS
Compile as c
COMPILE_SUCCESS
Testing case 1
Time limit: 1
Memory limit 32
start runcodeThu Nov 19 09:13:23 UTC 2015
Execute Time: 0 ms
finish runcodeThu Nov 19 09:13:23 UTC 2015
RUNTIME_ERROR
testing case finish
Testing case 2
Time limit: 2
Memory limit 32
start runcodeThu Nov 19 09:13:23 UTC 2015
Execute Time: 0 ms
finish runcodeThu Nov 19 09:13:23 UTC 2015
RUNTIME_ERROR
testing case finish
judge end : Thu Nov 19 09:13:23 UTC 2015

Thu Nov 19 09:14:52 UTC 2015
JUDGE_START
CODE_EXIST
INPUT_DIR_EXIST
IN1_EXIST
IN2_EXIST
OUTPUT_DIR_EXIST
OUT1_EXIST
OUT2_EXIST
Compile submit code to object file
Compile as c
OBJECT_COMPILE_SUCCESS
Compile as c
COMPILE_SUCCESS
Testing case 1
Time limit: 1
Memory limit 32
start runcodeThu Nov 19 09:14:52 UTC 2015
Execute Time: 0 ms
finish runcodeThu Nov 19 09:14:52 UTC 2015
RUNTIME_ERROR
testing case finish
Testing case 2
Time limit: 2
Memory limit 32
start runcodeThu Nov 19 09:14:52 UTC 2015
Execute Time: 0 ms
finish runcodeThu Nov 19 09:14:52 UTC 2015
RUNTIME_ERROR
testing case finish
judge end : Thu Nov 19 09:14:52 UTC 2015

Thu Nov 19 09:20:03 UTC 2015
JUDGE_START
CODE_EXIST
INPUT_DIR_EXIST
IN1_EXIST
IN2_EXIST
OUTPUT_DIR_EXIST
OUT1_EXIST
OUT2_EXIST
Compile submit code to object file
Compile as c
OBJECT_COMPILE_SUCCESS
Compile as c
COMPILE_SUCCESS
Testing case 1
Time limit: 1
Memory limit 32
start runcodeThu Nov 19 09:20:03 UTC 2015
Execute Time: 0 ms
finish runcodeThu Nov 19 09:20:03 UTC 2015
RUNTIME_ERROR
asdf
testing case finish
Testing case 2
Time limit: 2
Memory limit 32
start runcodeThu Nov 19 09:20:03 UTC 2015
Execute Time: 0 ms
finish runcodeThu Nov 19 09:20:03 UTC 2015
RUNTIME_ERROR
asdf
testing case finish
judge end : Thu Nov 19 09:20:03 UTC 2015

Thu Nov 19 09:23:12 UTC 2015
JUDGE_START
CODE_EXIST
INPUT_DIR_EXIST
IN1_EXIST
IN2_EXIST
OUTPUT_DIR_EXIST
OUT1_EXIST
OUT2_EXIST
Compile submit code to object file
Compile as c
OBJECT_COMPILE_SUCCESS
Compile as c
COMPILE_SUCCESS
Testing case 1
Time limit: 1
Memory limit 32
start runcodeThu Nov 19 09:23:12 UTC 2015
finish runcodeThu Nov 19 09:23:12 UTC 2015
WRONG_ANSWER
testing case finish
Testing case 2
Time limit: 2
Memory limit 32
start runcodeThu Nov 19 09:23:12 UTC 2015
finish runcodeThu Nov 19 09:23:12 UTC 2015
WRONG_ANSWER
testing case finish
judge end : Thu Nov 19 09:23:12 UTC 2015

Thu Nov 19 09:23:47 UTC 2015
JUDGE_START
CODE_EXIST
INPUT_DIR_EXIST
IN1_EXIST
IN2_EXIST
OUTPUT_DIR_EXIST
OUT1_EXIST
OUT2_EXIST
Compile submit code to object file
Compile as c
OBJECT_COMPILE_SUCCESS
Compile as c
COMPILE_SUCCESS
Testing case 1
Time limit: 1
Memory limit 32
start runcodeThu Nov 19 09:23:48 UTC 2015
Execute Time: 0 ms
finish runcodeThu Nov 19 09:23:48 UTC 2015
RUNTIME_ERROR
testing case finish
Testing case 2
Time limit: 2
Memory limit 32
start runcodeThu Nov 19 09:23:48 UTC 2015
Execute Time: 0 ms
finish runcodeThu Nov 19 09:23:48 UTC 2015
RUNTIME_ERROR
testing case finish
judge end : Thu Nov 19 09:23:48 UTC 2015

Thu Nov 19 09:48:20 UTC 2015
JUDGE_START
CODE_EXIST
INPUT_DIR_EXIST
IN1_EXIST
IN2_EXIST
OUTPUT_DIR_EXIST
OUT1_EXIST
OUT2_EXIST
Compile submit code to object file
Compile as c
OBJECT_COMPILE_SUCCESS
Compile as c
COMPILE_SUCCESS
Testing case 1
Time limit: 1
Memory limit 32
start runcodeThu Nov 19 09:48:20 UTC 2015
Execute Time: 0 ms
finish runcodeThu Nov 19 09:48:20 UTC 2015
RUNTIME_ERROR
testing case finish
Testing case 2
Time limit: 2
Memory limit 32
start runcodeThu Nov 19 09:48:20 UTC 2015
Execute Time: 0 ms
finish runcodeThu Nov 19 09:48:20 UTC 2015
RUNTIME_ERROR
testing case finish
judge end : Thu Nov 19 09:48:20 UTC 2015
Execute Time: 0 ms
Execute Time: 0 ms
Execute Time: 0 ms
Execute Time: 0 ms
Execute Time: 0 ms
Execute Time: 0 ms
Execute Time: 1 ms
Execute Time: 2 ms

Thu Nov 19 10:08:01 UTC 2015
JUDGE_START
CODE_EXIST
INPUT_DIR_EXIST
IN1_EXIST
IN2_EXIST
OUTPUT_DIR_EXIST
OUT1_EXIST
OUT2_EXIST
Compile submit code to object file
Compile as c
OBJECT_COMPILE_SUCCESS
Compile as c
COMPILE_SUCCESS
Testing case 1
Time limit: 1
Memory limit 32
start runcodeThu Nov 19 10:08:01 UTC 2015
Execute Time: 1 ms
finish runcodeThu Nov 19 10:08:01 UTC 2015
PRESENTATION_ERROR
testing case finish
Testing case 2
Time limit: 2
Memory limit 32
start runcodeThu Nov 19 10:08:01 UTC 2015
Execute Time: 1 ms
finish runcodeThu Nov 19 10:08:01 UTC 2015
PRESENTATION_ERROR
testing case finish
judge end : Thu Nov 19 10:08:01 UTC 2015

Thu Nov 19 10:08:36 UTC 2015
JUDGE_START
CODE_EXIST
INPUT_DIR_EXIST
IN1_EXIST
IN2_EXIST
OUTPUT_DIR_EXIST
OUT1_EXIST
OUT2_EXIST
Compile submit code to object file
Compile as c
OBJECT_COMPILE_SUCCESS
Compile as c
COMPILE_SUCCESS
Testing case 1
Time limit: 1
Memory limit 32
start runcodeThu Nov 19 10:08:36 UTC 2015
Execute Time: 1 ms
finish runcodeThu Nov 19 10:08:36 UTC 2015
PRESENTATION_ERROR
testing case finish
Testing case 2
Time limit: 2
Memory limit 32
start runcodeThu Nov 19 10:08:36 UTC 2015
Execute Time: 1 ms
finish runcodeThu Nov 19 10:08:36 UTC 2015
PRESENTATION_ERROR
testing case finish
judge end : Thu Nov 19 10:08:36 UTC 2015

Thu Nov 19 10:09:22 UTC 2015
JUDGE_START
CODE_EXIST
INPUT_DIR_EXIST
IN1_EXIST
IN2_EXIST
OUTPUT_DIR_EXIST
OUT1_EXIST
OUT2_EXIST
Compile submit code to object file
Compile as c
OBJECT_COMPILE_SUCCESS
Compile as c
COMPILE_SUCCESS
Testing case 1
Time limit: 1
Memory limit 32
start runcodeThu Nov 19 10:09:23 UTC 2015
Execute Time: 1 ms
finish runcodeThu Nov 19 10:09:23 UTC 2015
PRESENTATION_ERROR
testing case finish
Testing case 2
Time limit: 2
Memory limit 32
start runcodeThu Nov 19 10:09:23 UTC 2015
Execute Time: 1 ms
finish runcodeThu Nov 19 10:09:23 UTC 2015
PRESENTATION_ERROR
testing case finish
judge end : Thu Nov 19 10:09:23 UTC 2015

Thu Nov 19 10:09:50 UTC 2015
JUDGE_START
CODE_EXIST
INPUT_DIR_EXIST
IN1_EXIST
IN2_EXIST
OUTPUT_DIR_EXIST
OUT1_EXIST
OUT2_EXIST
Compile submit code to object file
Compile as c
OBJECT_COMPILE_SUCCESS
Compile as c
COMPILE_SUCCESS
Testing case 1
Time limit: 1
Memory limit 32
start runcodeThu Nov 19 10:09:50 UTC 2015
Execute Time: 1 ms
finish runcodeThu Nov 19 10:09:50 UTC 2015
ACCEPTED
testing case finish
Testing case 2
Time limit: 2
Memory limit 32
start runcodeThu Nov 19 10:09:50 UTC 2015
Execute Time: 1 ms
finish runcodeThu Nov 19 10:09:50 UTC 2015
PRESENTATION_ERROR
testing case finish
judge end : Thu Nov 19 10:09:50 UTC 2015

Thu Nov 19 10:10:19 UTC 2015
JUDGE_START
CODE_EXIST
INPUT_DIR_EXIST
IN1_EXIST
IN2_EXIST
OUTPUT_DIR_EXIST
OUT1_EXIST
OUT2_EXIST
Compile submit code to object file
Compile as c
OBJECT_COMPILE_SUCCESS
Compile as c
COMPILE_SUCCESS
Testing case 1
Time limit: 1
Memory limit 32
start runcodeThu Nov 19 10:10:19 UTC 2015
Execute Time: 1 ms
finish runcodeThu Nov 19 10:10:19 UTC 2015
ACCEPTED
testing case finish
Testing case 2
Time limit: 2
Memory limit 32
start runcodeThu Nov 19 10:10:19 UTC 2015
Execute Time: 1 ms
finish runcodeThu Nov 19 10:10:19 UTC 2015
ACCEPTED
testing case finish
judge end : Thu Nov 19 10:10:19 UTC 2015

Thu Nov 19 10:56:46 UTC 2015
JUDGE_START
CODE_EXIST
INPUT_DIR_EXIST
IN1_EXIST
IN2_EXIST
OUTPUT_DIR_EXIST
OUT1_EXIST
OUT2_EXIST
Compile submit code to object file
Compile as c
OBJECT_COMPILE_SUCCESS
Compile as c
COMPILE_SUCCESS
Testing case 1
Time limit: 1
Memory limit 32
start runcodeThu Nov 19 10:56:46 UTC 2015
Execute Time: 1 ms
finish runcodeThu Nov 19 10:56:46 UTC 2015
ACCEPTED
testing case finish
Testing case 2
Time limit: 2
Memory limit 32
start runcodeThu Nov 19 10:56:46 UTC 2015
Execute Time: 1 ms
finish runcodeThu Nov 19 10:56:46 UTC 2015
ACCEPTED
testing case finish
judge end : Thu Nov 19 10:56:46 UTC 2015

Thu Nov 19 10:56:53 UTC 2015
JUDGE_START
CODE_EXIST
INPUT_DIR_EXIST
IN1_EXIST
IN2_EXIST
OUTPUT_DIR_EXIST
OUT1_EXIST
OUT2_EXIST
Compile submit code to object file
Compile as c
OBJECT_COMPILE_SUCCESS
Compile as c
COMPILE_SUCCESS
Testing case 1
Time limit: 1
Memory limit 32
start runcodeThu Nov 19 10:56:53 UTC 2015
Execute Time: 1 ms
finish runcodeThu Nov 19 10:56:53 UTC 2015
ACCEPTED
testing case finish
Testing case 2
Time limit: 2
Memory limit 32
start runcodeThu Nov 19 10:56:53 UTC 2015
Execute Time: 1 ms
finish runcodeThu Nov 19 10:56:53 UTC 2015
ACCEPTED
testing case finish
judge end : Thu Nov 19 10:56:53 UTC 2015

Thu Nov 19 10:56:57 UTC 2015
JUDGE_START
CODE_EXIST
INPUT_DIR_EXIST
IN1_EXIST
IN2_EXIST
OUTPUT_DIR_EXIST
OUT1_EXIST
OUT2_EXIST
Compile submit code to object file
Compile as c
OBJECT_COMPILE_SUCCESS
Compile as c
COMPILE_SUCCESS
Testing case 1
Time limit: 1
Memory limit 32
start runcodeThu Nov 19 10:56:57 UTC 2015
Execute Time: 1 ms
finish runcodeThu Nov 19 10:56:57 UTC 2015
ACCEPTED
testing case finish
Testing case 2
Time limit: 2
Memory limit 32
start runcodeThu Nov 19 10:56:57 UTC 2015
Execute Time: 1 ms
finish runcodeThu Nov 19 10:56:57 UTC 2015
ACCEPTED
testing case finish
judge end : Thu Nov 19 10:56:57 UTC 2015

Thu Nov 19 11:25:27 UTC 2015
JUDGE_START
CODE_EXIST
INPUT_DIR_EXIST
IN1_EXIST
IN2_EXIST
OUTPUT_DIR_EXIST
OUT1_EXIST
OUT2_EXIST
Compile submit code to object file
Compile as c
OBJECT_COMPILE_SUCCESS
Compile as c
COMPILE_SUCCESS
Testing case 1
Time limit: 1
Memory limit 32
start runcodeThu Nov 19 11:25:27 UTC 2015
Execute Time: 1 ms
finish runcodeThu Nov 19 11:25:27 UTC 2015
ACCEPTED
testing case finish
Testing case 2
Time limit: 2
Memory limit 32
start runcodeThu Nov 19 11:25:27 UTC 2015
Execute Time: 1 ms
finish runcodeThu Nov 19 11:25:27 UTC 2015
ACCEPTED
testing case finish
judge end : Thu Nov 19 11:25:27 UTC 2015

Thu Nov 19 11:27:15 UTC 2015
JUDGE_START
CODE_EXIST
INPUT_DIR_EXIST
IN1_EXIST
IN2_EXIST
OUTPUT_DIR_EXIST
OUT1_EXIST
OUT2_EXIST
Compile submit code to object file
Compile as c
OBJECT_COMPILE_SUCCESS
Compile as c
COMPILE_SUCCESS
Testing case 1
Time limit: 1
Memory limit 32
start runcodeThu Nov 19 11:27:16 UTC 2015
Execute Time: 1 ms
finish runcodeThu Nov 19 11:27:16 UTC 2015
ACCEPTED
testing case finish
Testing case 2
Time limit: 2
Memory limit 32
start runcodeThu Nov 19 11:27:16 UTC 2015
Execute Time: 1 ms
finish runcodeThu Nov 19 11:27:16 UTC 2015
ACCEPTED
testing case finish
judge end : Thu Nov 19 11:27:16 UTC 2015

Thu Nov 19 11:53:38 UTC 2015
JUDGE_START
CODE_EXIST
INPUT_DIR_EXIST
IN1_EXIST
IN2_EXIST
OUTPUT_DIR_EXIST
OUT1_EXIST
OUT2_EXIST
Compile submit code to object file
Compile as c
OBJECT_COMPILE_SUCCESS
Compile as c
COMPILE_SUCCESS
Testing case 1
Time limit: 1
Memory limit 32
start runcodeThu Nov 19 11:53:38 UTC 2015
Execute Time: 1 ms
finish runcodeThu Nov 19 11:53:38 UTC 2015
ACCEPTED
testing case finish
Testing case 2
Time limit: 2
Memory limit 32
start runcodeThu Nov 19 11:53:38 UTC 2015
Execute Time: 1 ms
finish runcodeThu Nov 19 11:53:38 UTC 2015
ACCEPTED
testing case finish
judge end : Thu Nov 19 11:53:38 UTC 2015

Thu Nov 19 11:54:35 UTC 2015
JUDGE_START
CODE_EXIST
INPUT_DIR_EXIST
IN1_EXIST
IN2_EXIST
OUTPUT_DIR_EXIST
OUT1_EXIST
OUT2_EXIST
Compile submit code to object file
Compile as c
OBJECT_COMPILE_SUCCESS
Compile as c
COMPILE_SUCCESS
Testing case 1
Time limit: 1
Memory limit 32
start runcodeThu Nov 19 11:54:35 UTC 2015
Execute Time: 1 ms
finish runcodeThu Nov 19 11:54:35 UTC 2015
WRONG_ANSWER
testing case finish
Testing case 2
Time limit: 2
Memory limit 32
start runcodeThu Nov 19 11:54:35 UTC 2015
Execute Time: 1 ms
finish runcodeThu Nov 19 11:54:35 UTC 2015
WRONG_ANSWER
testing case finish
judge end : Thu Nov 19 11:54:35 UTC 2015

Thu Nov 19 11:55:43 UTC 2015
JUDGE_START
CODE_EXIST
INPUT_DIR_EXIST
IN1_EXIST
IN2_EXIST
OUTPUT_DIR_EXIST
OUT1_EXIST
OUT2_EXIST
Compile submit code to object file
Compile as c
OBJECT_COMPILE_SUCCESS
Compile as c
COMPILE_SUCCESS
Testing case 1
Time limit: 1
Memory limit 32
start runcodeThu Nov 19 11:55:43 UTC 2015
Execute Time: 0 ms
finish runcodeThu Nov 19 11:55:44 UTC 2015
RUNTIME_ERROR
testing case finish
Testing case 2
Time limit: 2
Memory limit 32
start runcodeThu Nov 19 11:55:44 UTC 2015
Execute Time: 0 ms
finish runcodeThu Nov 19 11:55:44 UTC 2015
RUNTIME_ERROR
testing case finish
judge end : Thu Nov 19 11:55:44 UTC 2015

Thu Nov 19 11:57:33 UTC 2015
JUDGE_START
CODE_EXIST
INPUT_DIR_EXIST
IN1_EXIST
IN2_EXIST
OUTPUT_DIR_EXIST
OUT1_EXIST
OUT2_EXIST
Compile submit code to object file
Compile as c
OBJECT_COMPILE_SUCCESS
Compile as c
COMPILE_SUCCESS
Testing case 1
Time limit: 1
Memory limit 32
start runcodeThu Nov 19 11:57:33 UTC 2015
Execute Time: 0 ms
finish runcodeThu Nov 19 11:57:34 UTC 2015
RUNTIME_ERROR
testing case finish
Testing case 2
Time limit: 2
Memory limit 32
start runcodeThu Nov 19 11:57:34 UTC 2015
Execute Time: 0 ms
finish runcodeThu Nov 19 11:57:34 UTC 2015
RUNTIME_ERROR
testing case finish
judge end : Thu Nov 19 11:57:34 UTC 2015

Thu Nov 19 12:00:34 UTC 2015
JUDGE_START
CODE_EXIST
INPUT_DIR_EXIST
IN1_EXIST
IN2_EXIST
OUTPUT_DIR_EXIST
OUT1_EXIST
OUT2_EXIST
Compile submit code to object file
Compile as c
OBJECT_COMPILE_SUCCESS
Compile as c
COMPILE_SUCCESS
Testing case 1
Time limit: 1
Memory limit 32
start runcodeThu Nov 19 12:00:34 UTC 2015

Wed Dec 16 20:35:08 UTC 2015
JUDGE_START
CODE_EXIST
INPUT_DIR_EXIST
IN1_EXIST
IN2_EXIST
OUTPUT_DIR_EXIST
OUT1_EXIST
OUT2_EXIST
Compile submit code to object file
Compile as c
OBJECT_COMPILE_SUCCESS
Compile as c
COMPILE_SUCCESS
Testing case 1
Time limit: 1
Memory limit 32
start runcodeWed Dec 16 20:35:08 UTC 2015

Wed Dec 16 20:36:38 UTC 2015
JUDGE_START
CODE_EXIST
INPUT_DIR_EXIST
IN1_EXIST
IN2_EXIST
OUTPUT_DIR_EXIST
OUT1_EXIST
OUT2_EXIST
Compile submit code to object file
Compile as c
OBJECT_COMPILE_SUCCESS
Compile as c
COMPILE_SUCCESS
Testing case 1
Time limit: 1
Memory limit 32
start runcodeWed Dec 16 20:36:39 UTC 2015

Thu Dec 17 11:33:16 UTC 2015
JUDGE_START
CODE_EXIST
INPUT_DIR_EXIST
IN1_EXIST
IN2_EXIST
OUTPUT_DIR_EXIST
OUT1_EXIST
OUT2_EXIST
Compile submit code to object file
Compile as c
OBJECT_COMPILE_SUCCESS
Compile as c
COMPILE_SUCCESS
Testing case 1
Time limit: 1
Memory limit 32
start runcodeThu Dec 17 11:33:16 UTC 2015
Execute Time: 1000 ms
finish runcodeThu Dec 17 11:33:26 UTC 2015
TIME_LIMIT_EXCEED
testing case finish
Testing case 2
Time limit: 2
Memory limit 32
start runcodeThu Dec 17 11:33:26 UTC 2015
Execute Time: 2000 ms
finish runcodeThu Dec 17 11:33:36 UTC 2015
TIME_LIMIT_EXCEED
testing case finish
judge end : Thu Dec 17 11:33:36 UTC 2015

Thu Dec 17 11:35:09 UTC 2015
JUDGE_START
CODE_EXIST
INPUT_DIR_EXIST
IN1_EXIST
IN2_EXIST
OUTPUT_DIR_EXIST
OUT1_EXIST
OUT2_EXIST
Compile submit code to object file
Compile as c
OBJECT_COMPILE_SUCCESS
Compile as c
COMPILE_SUCCESS
Testing case 1
Time limit: 1
Memory limit 32
start runcodeThu Dec 17 11:35:09 UTC 2015
Execute Time: 1000 ms
finish runcodeThu Dec 17 11:35:19 UTC 2015
TIME_LIMIT_EXCEED
testing case finish
Testing case 2
Time limit: 2
Memory limit 32
start runcodeThu Dec 17 11:35:19 UTC 2015
Execute Time: 2000 ms
finish runcodeThu Dec 17 11:35:29 UTC 2015
TIME_LIMIT_EXCEED
testing case finish
judge end : Thu Dec 17 11:35:29 UTC 2015

Tue Jan 5 04:57:48 UTC 2016
JUDGE_START
CODE_EXIST
INPUT_DIR_EXIST
IN1_EXIST
IN2_EXIST
OUTPUT_DIR_EXIST
OUT1_EXIST
OUT2_EXIST
Compile submit code to object file
Compile as c
OBJECT_COMPILE_SUCCESS
Compile as c
COMPILE_SUCCESS
Testing case 1
Time limit: 1
Memory limit 32
start runcodeTue Jan 5 04:57:48 UTC 2016
Execute Time: 1 ms
finish runcodeTue Jan 5 04:57:48 UTC 2016
ACCEPTED
testing case finish
Testing case 2
Time limit: 2
Memory limit 32
start runcodeTue Jan 5 04:57:48 UTC 2016
Execute Time: 1 ms
finish runcodeTue Jan 5 04:57:48 UTC 2016
ACCEPTED
testing case finish
judge end : Tue Jan 5 04:57:48 UTC 2016

Tue Jan 5 04:58:25 UTC 2016
JUDGE_START
CODE_EXIST
INPUT_DIR_EXIST
IN1_EXIST
IN2_EXIST
OUTPUT_DIR_EXIST
OUT1_EXIST
OUT2_EXIST
Compile submit code to object file
Compile as c
OBJECT_COMPILE_SUCCESS
Compile as c
COMPILE_SUCCESS
Testing case 1
Time limit: 1
Memory limit 32
start runcodeTue Jan 5 04:58:25 UTC 2016
Execute Time: 1 ms
finish runcodeTue Jan 5 04:58:25 UTC 2016
WRONG_ANSWER
testing case finish
Testing case 2
Time limit: 2
Memory limit 32
start runcodeTue Jan 5 04:58:25 UTC 2016
Execute Time: 1 ms
finish runcodeTue Jan 5 04:58:25 UTC 2016
WRONG_ANSWER
testing case finish
judge end : Tue Jan 5 04:58:25 UTC 2016
